{"level":"error","message":"User ID is already exist","timestamp":"2022-11-28T07:13:00.656Z"}
{"level":"info","message":"User registered successfully","timestamp":"2022-11-28T07:13:53.987Z"}
{"level":"error","message":"User ID is already exist","timestamp":"2022-11-28T08:43:24.198Z"}
{"level":"error","message":"User ID is already exist","timestamp":"2022-11-28T08:43:24.261Z"}
{"level":"error","message":"User ID does not exist","timestamp":"2022-11-28T08:43:24.314Z"}
{"level":"info","message":"Data updated successfully","timestamp":"2022-11-28T08:43:24.421Z"}
{"level":"error","message":"User ID is already exist","timestamp":"2022-11-28T08:44:48.390Z"}
{"level":"info","message":"Data updated successfully","timestamp":"2022-11-28T08:44:58.010Z"}
{"level":"error","message":",Number Should be correct,Name should be correct","timestamp":"2022-11-28T08:52:25.106Z"}
{"level":"error","message":"Some error occurred in adding item","timestamp":"2023-04-26T09:03:43.768Z"}
{"level":"error","message":"Some error occurred in adding item","timestamp":"2023-04-26T09:06:52.353Z"}
{"level":"error","message":"Some error occurred in adding item ValidationError: discountAmount: Path `discountAmount` is required., amount: Path `amount` is required., image: Path `image` is required., type: Path `type` is required., name: Path `name` is required.","timestamp":"2023-04-26T09:07:13.857Z"}
{"level":"error","message":"Some error occurred in adding item ValidationError: discountAmount: Path `discountAmount` is required., amount: Path `amount` is required., image: Path `image` is required., type: Path `type` is required., name: Path `name` is required.","timestamp":"2023-04-26T09:07:50.013Z"}
{"level":"error","message":"Some error occurred in adding item ValidationError: image: Path `image` is required.","timestamp":"2023-04-26T09:09:52.142Z"}
{"level":"info","message":"item created successfully","timestamp":"2023-04-26T09:12:04.921Z"}
{"level":"info","message":"item created successfully","timestamp":"2023-04-26T09:12:46.765Z"}
{"level":"info","message":"item created successfully","timestamp":"2023-04-26T09:14:57.271Z"}
{"level":"error","message":",Item name should be correct,description should be correct","timestamp":"2023-04-26T09:51:21.863Z"}
{"level":"error","message":",description should be correct","timestamp":"2023-04-26T09:51:52.183Z"}
{"level":"info","message":"item created successfully","timestamp":"2023-04-26T09:54:02.344Z"}
{"level":"error","message":",image Url should be correct","timestamp":"2023-04-26T09:54:13.207Z"}
{"level":"info","message":"item created successfully","timestamp":"2023-04-26T09:54:23.845Z"}
{"level":"error","message":",Amount should be correct and Numeric","timestamp":"2023-04-26T09:54:31.874Z"}
{"level":"error","message":",Email should be correct,Password should be correct","timestamp":"2023-04-27T07:08:51.829Z"}
{"level":"error","message":",Email should be correct,Password should be correct","timestamp":"2023-04-27T07:10:26.251Z"}
{"level":"error","message":",Password should be correct","timestamp":"2023-04-27T07:11:18.727Z"}
{"level":"error","message":",Email should be correct","timestamp":"2023-04-27T07:12:17.455Z"}
{"level":"error","message":",Email should be correct","timestamp":"2023-04-27T07:33:46.095Z"}
